<?xml version="1.0" encoding="UTF-8"?>
<!-- Generated by org.testng.reporters.JUnitReportReporter -->
<testsuite hostname="DESKTOP-JVQCERG" failures="0" tests="1" name="POM.TestablePageObject" time="10.394" errors="0" timestamp="2023-04-18T23:53:41 CDT" skipped="0">
  <testcase classname="POM.TestablePageObject" name="f" time="10.394"/>
  <system-out/>
</testsuite> <!-- POM.TestablePageObject -->
